#
# There is insufficient memory for the Java Runtime Environment to continue.
# Native memory allocation (mmap) failed to map 67108864 bytes for G1 virtual space
# Possible reasons:
#   The system is out of physical RAM or swap space
#   The process is running with CompressedOops enabled, and the Java Heap may be blocking the growth of the native heap
# Possible solutions:
#   Reduce memory load on the system
#   Increase physical memory or swap space
#   Check if swap backing store is full
#   Decrease Java heap size (-Xmx/-Xms)
#   Decrease number of Java threads
#   Decrease Java thread stack sizes (-Xss)
#   Set larger code cache with -XX:ReservedCodeCacheSize=
#   JVM is running with Unscaled Compressed Oops mode in which the Java heap is
#     placed in the first 4GB address space. The Java Heap base address is the
#     maximum limit for the native heap growth. Please use -XX:HeapBaseMinAddress
#     to set the Java Heap base and to place the Java Heap above 4GB virtual address.
# This output file may be truncated or incomplete.
#
#  Out of Memory Error (os_windows.cpp:3613), pid=12168, tid=16840
#
# JRE version:  (17.0.10+7) (build )
# Java VM: OpenJDK 64-Bit Server VM (17.0.10+7-LTS, mixed mode, sharing, tiered, compressed oops, compressed class ptrs, g1 gc, windows-amd64)
# No core dump will be written. Minidumps are not enabled by default on client versions of Windows
#

---------------  S U M M A R Y ------------

Command Line: -Xmx64m -Xms64m -Dorg.gradle.appname=gradlew org.gradle.wrapper.GradleWrapperMain app:installDebug -PreactNativeDevServerPort=8081

Host: Intel(R) Core(TM) i5-10300H CPU @ 2.50GHz, 8 cores, 15G,  Windows 11 , 64 bit Build 22621 (10.0.22621.3085)
Time: Tue Feb 13 18:46:47 2024 Hora est. Pacífico, Sudamérica elapsed time: 0.051270 seconds (0d 0h 0m 0s)

---------------  T H R E A D  ---------------

Current thread (0x000001fd362060d0):  JavaThread "Unknown thread" [_thread_in_vm, id=16840, stack(0x000000a7df500000,0x000000a7df600000)]

Stack: [0x000000a7df500000,0x000000a7df600000]
Native frames: (J=compiled Java code, j=interpreted, Vv=VM code, C=native code)
V  [jvm.dll+0x67f829]
V  [jvm.dll+0x83750a]
V  [jvm.dll+0x838fce]
V  [jvm.dll+0x839633]
V  [jvm.dll+0x247cbf]
V  [jvm.dll+0x67c669]
V  [jvm.dll+0x6710da]
V  [jvm.dll+0x309b8b]
V  [jvm.dll+0x311036]
V  [jvm.dll+0x360d5e]
V  [jvm.dll+0x360f8f]
V  [jvm.dll+0x2e0798]
V  [jvm.dll+0x2e1704]
V  [jvm.dll+0x808d91]
V  [jvm.dll+0x36ec11]
V  [jvm.dll+0x7e7826]
V  [jvm.dll+0x3f245f]
V  [jvm.dll+0x3f4091]
C  [jli.dll+0x528f]
C  [ucrtbase.dll+0x29363]
C  [KERNEL32.DLL+0x1257d]
C  [ntdll.dll+0x5aa58]


---------------  P R O C E S S  ---------------

Threads class SMR info:
_java_thread_list=0x00007ff803d11ed8, length=0, elements={
}

Java Threads: ( => current thread )

Other Threads:
  0x000001fd36227020 GCTaskThread "GC Thread#0" [stack: 0x000000a7df600000,0x000000a7df700000] [id=7196]
  0x000001fd36229780 ConcurrentGCThread "G1 Main Marker" [stack: 0x000000a7df700000,0x000000a7df800000] [id=20116]
  0x000001fd3622a940 ConcurrentGCThread "G1 Conc#0" [stack: 0x000000a7df800000,0x000000a7df900000] [id=6148]

[error occurred during error reporting (printing all threads), id 0xc0000005, EXCEPTION_ACCESS_VIOLATION (0xc0000005) at pc=0x00007ff8034d11d7]

VM state: not at safepoint (not fully initialized)

VM Mutex/Monitor currently owned by a thread:  ([mutex/lock_event])
[0x000001fd36201810] Heap_lock - owner thread: 0x000001fd362060d0

Heap address: 0x00000000fc000000, size: 64 MB, Compressed Oops mode: 32-bit

CDS archive(s) mapped at: [0x0000000000000000-0x0000000000000000-0x0000000000000000), size 0, SharedBaseAddress: 0x0000000800000000, ArchiveRelocationMode: 1.
Narrow klass base: 0x0000000000000000, Narrow klass shift: 0, Narrow klass range: 0x0

GC Precious Log:
<Empty>

Heap:
 garbage-first heap   total 0K, used 0K [0x00000000fc000000, 0x0000000100000000)
  region size 1024K, 0 young (0K), 0 survivors (0K)

[error occurred during error reporting (printing heap information), id 0xc0000005, EXCEPTION_ACCESS_VIOLATION (0xc0000005) at pc=0x00007ff8038b9869]

GC Heap History (0 events):
No events

Dll operation events (1 events):
Event: 0.009 Loaded shared library C:\Program Files\Microsoft\jdk-17.0.10.7-hotspot\bin\java.dll

Deoptimization events (0 events):
No events

Classes unloaded (0 events):
No events

Classes redefined (0 events):
No events

Internal exceptions (0 events):
No events

VM Operations (0 events):
No events

Events (0 events):
No events


Dynamic libraries:
0x00007ff7e74e0000 - 0x00007ff7e74ee000 	C:\Program Files\Microsoft\jdk-17.0.10.7-hotspot\bin\java.exe
0x00007ff886eb0000 - 0x00007ff8870c7000 	C:\WINDOWS\SYSTEM32\ntdll.dll
0x00007ff841940000 - 0x00007ff841959000 	C:\Program Files\AVG\Antivirus\aswhook.dll
0x00007ff8855f0000 - 0x00007ff8856b4000 	C:\WINDOWS\System32\KERNEL32.DLL
0x00007ff8846d0000 - 0x00007ff884a76000 	C:\WINDOWS\System32\KERNELBASE.dll
0x00007ff8845b0000 - 0x00007ff8846c1000 	C:\WINDOWS\System32\ucrtbase.dll
0x00007ff843ed0000 - 0x00007ff843ee7000 	C:\Program Files\Microsoft\jdk-17.0.10.7-hotspot\bin\jli.dll
0x00007ff87ecf0000 - 0x00007ff87ed0b000 	C:\Program Files\Microsoft\jdk-17.0.10.7-hotspot\bin\VCRUNTIME140.dll
0x00007ff886b50000 - 0x00007ff886cfe000 	C:\WINDOWS\System32\USER32.dll
0x00007ff884b20000 - 0x00007ff884b46000 	C:\WINDOWS\System32\win32u.dll
0x00007ff884e70000 - 0x00007ff884e99000 	C:\WINDOWS\System32\GDI32.dll
0x00007ff869340000 - 0x00007ff8695d3000 	C:\WINDOWS\WinSxS\amd64_microsoft.windows.common-controls_6595b64144ccf1df_6.0.22621.2506_none_270c5ae97388e100\COMCTL32.dll
0x00007ff8843d0000 - 0x00007ff8844e8000 	C:\WINDOWS\System32\gdi32full.dll
0x00007ff884c00000 - 0x00007ff884ca7000 	C:\WINDOWS\System32\msvcrt.dll
0x00007ff884a80000 - 0x00007ff884b1a000 	C:\WINDOWS\System32\msvcp_win.dll
0x00007ff886890000 - 0x00007ff8868c1000 	C:\WINDOWS\System32\IMM32.DLL
0x00007ff8452c0000 - 0x00007ff8452cc000 	C:\Program Files\Microsoft\jdk-17.0.10.7-hotspot\bin\vcruntime140_1.dll
0x00007ff83c010000 - 0x00007ff83c09d000 	C:\Program Files\Microsoft\jdk-17.0.10.7-hotspot\bin\msvcp140.dll
0x00007ff8031e0000 - 0x00007ff803e45000 	C:\Program Files\Microsoft\jdk-17.0.10.7-hotspot\bin\server\jvm.dll
0x00007ff884cb0000 - 0x00007ff884d63000 	C:\WINDOWS\System32\ADVAPI32.dll
0x00007ff886d00000 - 0x00007ff886da8000 	C:\WINDOWS\System32\sechost.dll
0x00007ff884bd0000 - 0x00007ff884bf8000 	C:\WINDOWS\System32\bcrypt.dll
0x00007ff885470000 - 0x00007ff885587000 	C:\WINDOWS\System32\RPCRT4.dll
0x00007ff883080000 - 0x00007ff8830cd000 	C:\WINDOWS\SYSTEM32\POWRPROF.dll
0x00007ff86bd00000 - 0x00007ff86bd09000 	C:\WINDOWS\SYSTEM32\WSOCK32.dll
0x00007ff886380000 - 0x00007ff8863f1000 	C:\WINDOWS\System32\WS2_32.dll
0x00007ff87a970000 - 0x00007ff87a9a4000 	C:\WINDOWS\SYSTEM32\WINMM.dll
0x00007ff879120000 - 0x00007ff87912a000 	C:\WINDOWS\SYSTEM32\VERSION.dll
0x00007ff883060000 - 0x00007ff883073000 	C:\WINDOWS\SYSTEM32\UMPDC.dll
0x00007ff883320000 - 0x00007ff883338000 	C:\WINDOWS\SYSTEM32\kernel.appcore.dll
0x00007ff8444e0000 - 0x00007ff8444ea000 	C:\Program Files\Microsoft\jdk-17.0.10.7-hotspot\bin\jimage.dll
0x00007ff881660000 - 0x00007ff881893000 	C:\WINDOWS\SYSTEM32\DBGHELP.DLL
0x00007ff885090000 - 0x00007ff885419000 	C:\WINDOWS\System32\combase.dll
0x00007ff8856c0000 - 0x00007ff885797000 	C:\WINDOWS\System32\OLEAUT32.dll
0x00007ff8747d0000 - 0x00007ff874802000 	C:\WINDOWS\SYSTEM32\dbgcore.DLL
0x00007ff884b50000 - 0x00007ff884bca000 	C:\WINDOWS\System32\bcryptPrimitives.dll
0x00007ff843ea0000 - 0x00007ff843ec5000 	C:\Program Files\Microsoft\jdk-17.0.10.7-hotspot\bin\java.dll

dbghelp: loaded successfully - version: 4.0.5 - missing functions: none
symbol engine: initialized successfully - sym options: 0x614 - pdb path: .;C:\Program Files\Microsoft\jdk-17.0.10.7-hotspot\bin;C:\WINDOWS\SYSTEM32;C:\Program Files\AVG\Antivirus;C:\WINDOWS\WinSxS\amd64_microsoft.windows.common-controls_6595b64144ccf1df_6.0.22621.2506_none_270c5ae97388e100;C:\Program Files\Microsoft\jdk-17.0.10.7-hotspot\bin\server

VM Arguments:
jvm_args: -Xmx64m -Xms64m -Dorg.gradle.appname=gradlew 
java_command: org.gradle.wrapper.GradleWrapperMain app:installDebug -PreactNativeDevServerPort=8081
java_class_path (initial): D:\Julia\PowerUpp\PowerUp\android\\gradle\wrapper\gradle-wrapper.jar
Launcher Type: SUN_STANDARD

[Global flags]
     intx CICompilerCount                          = 4                                         {product} {ergonomic}
     uint ConcGCThreads                            = 2                                         {product} {ergonomic}
     uint G1ConcRefinementThreads                  = 8                                         {product} {ergonomic}
   size_t G1HeapRegionSize                         = 1048576                                   {product} {ergonomic}
    uintx GCDrainStackTargetSize                   = 64                                        {product} {ergonomic}
   size_t InitialHeapSize                          = 67108864                                  {product} {command line}
   size_t MarkStackSize                            = 4194304                                   {product} {ergonomic}
   size_t MaxHeapSize                              = 67108864                                  {product} {command line}
   size_t MinHeapDeltaBytes                        = 1048576                                   {product} {ergonomic}
   size_t MinHeapSize                              = 67108864                                  {product} {command line}
    uintx NonNMethodCodeHeapSize                   = 5839372                                {pd product} {ergonomic}
    uintx NonProfiledCodeHeapSize                  = 122909434                              {pd product} {ergonomic}
    uintx ProfiledCodeHeapSize                     = 122909434                              {pd product} {ergonomic}
    uintx ReservedCodeCacheSize                    = 251658240                              {pd product} {ergonomic}
     bool SegmentedCodeCache                       = true                                      {product} {ergonomic}
   size_t SoftMaxHeapSize                          = 67108864                               {manageable} {ergonomic}
     bool UseCompressedClassPointers               = true                           {product lp64_product} {ergonomic}
     bool UseCompressedOops                        = true                           {product lp64_product} {ergonomic}
     bool UseG1GC                                  = true                                      {product} {ergonomic}
     bool UseLargePagesIndividualAllocation        = false                                  {pd product} {ergonomic}

Logging:
Log output configuration:
 #0: stdout all=warning uptime,level,tags
 #1: stderr all=off uptime,level,tags

Environment Variables:
JAVA_HOME=C:\Program Files\Microsoft\jdk-17.0.10.7-hotspot\
CLASSPATH=D:\Julia\PowerUpp\PowerUp\android\\gradle\wrapper\gradle-wrapper.jar
PATH=D:\Julia\PowerUpp\PowerUp\node_modules\.bin;D:\Julia\PowerUpp\PowerUp\node_modules\.bin;D:\Julia\PowerUpp\node_modules\.bin;D:\Julia\node_modules\.bin;D:\node_modules\.bin;C:\Program Files\nodejs\node_modules\npm\node_modules\@npmcli\run-script\lib\node-gyp-bin;C:\Program Files\Microsoft\jdk-17.0.10.7-hotspot\bin;C:\ProgramData\Oracle\Java\javapath;C:\Windows\system32;C:\Windows;C:\Windows\System32\Wbem;C:\Windows\System32\WindowsPowerShell\v1.0\;C:\Windows\System32\OpenSSH\;C:\Program Files (x86)\NVIDIA Corporation\PhysX\Common;C:\Program Files\NVIDIA Corporation\NVIDIA NvDLISR;C:\WINDOWS\system32;C:\WINDOWS;C:\WINDOWS\System32\Wbem;C:\WINDOWS\System32\WindowsPowerShell\v1.0\;C:\WINDOWS\System32\OpenSSH\;C:\Program Files (x86)\Git\cmd;C:\ProgramData\chocolatey\bin;C:\Program Files\nodejs\;C:\Users\Julia\AppData\Local\Microsoft\WindowsApps;C:\Users\Julia\AppData\Local\Programs\Microsoft VS Code\bin;C:\Users\Julia\AppData\Roaming\npm;C:\User\Julia\AppData\Local\Android\Sdk;C:\Users\Julia\AppData\Local\Android\Sdk\platform-tools;
USERNAME=Julia
LANG=en_US.UTF-8
OS=Windows_NT
PROCESSOR_IDENTIFIER=Intel64 Family 6 Model 165 Stepping 2, GenuineIntel
TMP=C:\Users\Julia\AppData\Local\Temp
TEMP=C:\Users\Julia\AppData\Local\Temp



Periodic native trim disabled


---------------  S Y S T E M  ---------------

OS:
 Windows 11 , 64 bit Build 22621 (10.0.22621.3085)
OS uptime: 0 days 2:18 hours

CPU: total 8 (initial active 8) (4 cores per cpu, 2 threads per core) family 6 model 165 stepping 2 microcode 0xe2, cx8, cmov, fxsr, ht, mmx, 3dnowpref, sse, sse2, sse3, ssse3, sse4.1, sse4.2, popcnt, lzcnt, tsc, tscinvbit, avx, avx2, aes, erms, clmul, bmi1, bmi2, adx, fma, vzeroupper, clflush, clflushopt
Processor Information for all 8 processors :
  Max Mhz: 2496, Current Mhz: 2496, Mhz Limit: 2496

Memory: 4k page, system-wide physical 16251M (503M free)
TotalPageFile size 21105M (AvailPageFile size 60M)
current process WorkingSet (physical memory assigned to process): 11M, peak: 11M
current process commit charge ("private bytes"): 59M, peak: 123M

vm_info: OpenJDK 64-Bit Server VM (17.0.10+7-LTS) for windows-amd64 JRE (17.0.10+7-LTS), built on Jan 10 2024 19:47:12 by "MicrosoftCorporation" with MS VC++ 16.10 / 16.11 (VS2019)

END.
